<?xml version="1.0" encoding="UTF-8"?>
<testsuite name="ru.ifmo.cet.javabasics.WarAndPeaceExerciseTest" tests="2" skipped="0" failures="0" errors="0" timestamp="2018-10-04T10:28:32" hostname="LAPTOP-QK91MJSL" time="4.102">
  <properties/>
  <testcase name="warAndPeace()" classname="ru.ifmo.cet.javabasics.WarAndPeaceExerciseTest" time="4.088"/>
  <testcase name="testNoLambdas()" classname="ru.ifmo.cet.javabasics.WarAndPeaceExerciseTest" time="0.007"/>
  <system-out><![CDATA[]]></system-out>
  <system-err><![CDATA[]]></system-err>
</testsuite>
